<?xml version="1.0" encoding="UTF-8"?>
<testsuite xmlns:xsi="http://www.w3.org/2001/XMLSchema-instance" xsi:noNamespaceSchemaLocation="https://maven.apache.org/surefire/maven-surefire-plugin/xsd/surefire-test-report-3.0.xsd" version="3.0" name="TestSuite" time="50.289" tests="2" errors="0" skipped="0" failures="0">
  <properties>
[...]
</properties>
  <testcase name="VerifyThatUserCantLoginWithValidButNotRegisteredEmail" classname="eg.amazon.testcases.LoginTest" time="19.059">
    <system-err><![CDATA[SLF4J: Failed to load class "org.slf4j.impl.StaticLoggerBinder".
SLF4J: Defaulting to no-operation (NOP) logger implementation
SLF4J: See http://www.slf4j.org/codes.html#StaticLoggerBinder for further details.
]]></system-err>
  </testcase>
  <testcase name="VerifyThatItemsAreAddedToCartCorrectly" classname="eg.amazon.testcases.CartTest" time="22.246">
    <system-out><![CDATA[&amp#27;[42m&amp#27;[30mVerifyThatUserCantLoginWithValidButNotRegisteredEmail Test Case Succeed&amp#27;[0m
]]></system-out>
  </testcase>
</testsuite>